2017-05-11 14:48:13 - MOD: Modification Default

FILE: system/engine/action.php
REGEX: ~(require|include)(_once)?\(([^)]+)~
LINE: 41

FILE: system/engine/loader.php
REGEX: ~(require|include)(_once)?\(([^)]+)~
LINE: 49
LINE: 108
LINE: 120
LINE: 165

FILE: system/library/config.php
REGEX: ~(require|include)(_once)?\(([^)]+)~
LINE: 23

FILE: system/library/language.php
REGEX: ~(require|include)(_once)?\(([^)]+)~
LINE: 38
LINE: 40
LINE: 49
LINE: 51
LINE: 60
LINE: 62

FILE: system/library/template/php.php
REGEX: ~(require|include)(_once)?\(([^)]+)~
LINE: 18

FILE: system/library/template/tiwg.php
REGEX: ~(require|include)(_once)?\(([^)]+)~
LINE: 24
----------------------------------------------------------------
MOD: fondy_payment

FILE: catalog/controller/checkout/checkout.php
CODE: public function index() {
LINE: 8

FILE: catalog/view/theme/default/template/checkout/checkout.tpl
CODE: <h1><?php echo $heading_title; ?></h1>
LINE: 26

FILE: catalog/view/theme/fastor/template/checkout/checkout.tpl
CODE: <h1><?php echo $heading_title; ?></h1>
NOT FOUND - OPERATIONS ABORTED!

FILE: catalog/view/theme/default/template/common/header.tpl
CODE: <?php foreach ($styles as $style) { ?>
LINE: 37

FILE: catalog/view/theme/fastor/template/common/header.tpl
CODE: <?php foreach ($styles as $style) { ?>
LINE: 172
----------------------------------------------------------------
MOD: OcStore 2.3.x track number

FILE: admin/controller/sale/order.php
CODE: $data['shipping_method'] = $order_info['shipping_method'];
LINE: 567
LINE: 942
CODE: public function history() {
LINE: 1545

FILE: admin/model/sale/order.php
CODE: $order_query->row['order_id'],
LINE: 96

FILE: catalog/model/checkout/order.php
CODE: $order_query->row['order_id'],
LINE: 170

FILE: admin/view/template/sale/order_info.tpl
CODE: <td><?php echo $text_reward; ?></td>
LINE: 100
CODE: <?php echo $footer; ?>
LINE: 700

FILE: catalog/model/account/order.php
CODE: $order_query->row['order_id'],
LINE: 46

FILE: catalog/controller/account/order.php
CODE: if ($order_info['invoice_no']) {
LINE: 210

FILE: catalog/view/theme/default/template/account/order_info.tpl
CODE: <b><?php echo $text_shipping_method; ?></b> <?php echo $shipping_method; ?>
LINE: 49

FILE: catalog/view/theme/fastor/template/account/order_info.tpl
CODE: <b><?php echo $text_shipping_method; ?></b> <?php echo $shipping_method; ?>
LINE: 27
----------------------------------------------------------------
2017-05-15 12:44:38 - MOD: Modification Default

FILE: system/engine/action.php
REGEX: ~(require|include)(_once)?\(([^)]+)~
LINE: 41

FILE: system/engine/loader.php
REGEX: ~(require|include)(_once)?\(([^)]+)~
LINE: 49
LINE: 108
LINE: 120
LINE: 165

FILE: system/library/config.php
REGEX: ~(require|include)(_once)?\(([^)]+)~
LINE: 23

FILE: system/library/language.php
REGEX: ~(require|include)(_once)?\(([^)]+)~
LINE: 38
LINE: 40
LINE: 49
LINE: 51
LINE: 60
LINE: 62

FILE: system/library/template/php.php
REGEX: ~(require|include)(_once)?\(([^)]+)~
LINE: 18

FILE: system/library/template/tiwg.php
REGEX: ~(require|include)(_once)?\(([^)]+)~
LINE: 24
----------------------------------------------------------------
MOD: OcStore 2.3.x track number

FILE: admin/controller/sale/order.php
CODE: $data['shipping_method'] = $order_info['shipping_method'];
LINE: 567
LINE: 942
CODE: public function history() {
LINE: 1545

FILE: admin/model/sale/order.php
CODE: $order_query->row['order_id'],
LINE: 96

FILE: catalog/model/checkout/order.php
CODE: $order_query->row['order_id'],
LINE: 170

FILE: admin/view/template/sale/order_info.tpl
CODE: <td><?php echo $text_reward; ?></td>
LINE: 100
CODE: <?php echo $footer; ?>
LINE: 700

FILE: catalog/model/account/order.php
CODE: $order_query->row['order_id'],
LINE: 46

FILE: catalog/controller/account/order.php
CODE: if ($order_info['invoice_no']) {
LINE: 210

FILE: catalog/view/theme/default/template/account/order_info.tpl
CODE: <b><?php echo $text_shipping_method; ?></b> <?php echo $shipping_method; ?>
LINE: 49

FILE: catalog/view/theme/fastor/template/account/order_info.tpl
CODE: <b><?php echo $text_shipping_method; ?></b> <?php echo $shipping_method; ?>
LINE: 27
----------------------------------------------------------------
2017-05-15 12:46:04 - MOD: Modification Default

FILE: system/engine/action.php
REGEX: ~(require|include)(_once)?\(([^)]+)~
LINE: 41

FILE: system/engine/loader.php
REGEX: ~(require|include)(_once)?\(([^)]+)~
LINE: 49
LINE: 108
LINE: 120
LINE: 165

FILE: system/library/config.php
REGEX: ~(require|include)(_once)?\(([^)]+)~
LINE: 23

FILE: system/library/language.php
REGEX: ~(require|include)(_once)?\(([^)]+)~
LINE: 38
LINE: 40
LINE: 49
LINE: 51
LINE: 60
LINE: 62

FILE: system/library/template/php.php
REGEX: ~(require|include)(_once)?\(([^)]+)~
LINE: 18

FILE: system/library/template/tiwg.php
REGEX: ~(require|include)(_once)?\(([^)]+)~
LINE: 24
----------------------------------------------------------------
MOD: OcStore 2.3.x track number

FILE: admin/controller/sale/order.php
CODE: $data['shipping_method'] = $order_info['shipping_method'];
LINE: 567
LINE: 942
CODE: public function history() {
LINE: 1545

FILE: admin/model/sale/order.php
CODE: $order_query->row['order_id'],
LINE: 96

FILE: catalog/model/checkout/order.php
CODE: $order_query->row['order_id'],
LINE: 170

FILE: admin/view/template/sale/order_info.tpl
CODE: <td><?php echo $text_reward; ?></td>
LINE: 100
CODE: <?php echo $footer; ?>
LINE: 700

FILE: catalog/model/account/order.php
CODE: $order_query->row['order_id'],
LINE: 46

FILE: catalog/controller/account/order.php
CODE: if ($order_info['invoice_no']) {
LINE: 210

FILE: catalog/view/theme/default/template/account/order_info.tpl
CODE: <b><?php echo $text_shipping_method; ?></b> <?php echo $shipping_method; ?>
LINE: 49

FILE: catalog/view/theme/fastor/template/account/order_info.tpl
CODE: <b><?php echo $text_shipping_method; ?></b> <?php echo $shipping_method; ?>
LINE: 27
----------------------------------------------------------------
2017-05-15 12:55:10 - MOD: Modification Default

FILE: system/engine/action.php
REGEX: ~(require|include)(_once)?\(([^)]+)~
LINE: 41

FILE: system/engine/loader.php
REGEX: ~(require|include)(_once)?\(([^)]+)~
LINE: 49
LINE: 108
LINE: 120
LINE: 165

FILE: system/library/config.php
REGEX: ~(require|include)(_once)?\(([^)]+)~
LINE: 23

FILE: system/library/language.php
REGEX: ~(require|include)(_once)?\(([^)]+)~
LINE: 38
LINE: 40
LINE: 49
LINE: 51
LINE: 60
LINE: 62

FILE: system/library/template/php.php
REGEX: ~(require|include)(_once)?\(([^)]+)~
LINE: 18

FILE: system/library/template/tiwg.php
REGEX: ~(require|include)(_once)?\(([^)]+)~
LINE: 24
----------------------------------------------------------------
MOD: OcStore 2.3.x track number

FILE: admin/controller/sale/order.php
CODE: $data['shipping_method'] = $order_info['shipping_method'];
LINE: 567
LINE: 942
CODE: public function history() {
LINE: 1545

FILE: admin/model/sale/order.php
CODE: $order_query->row['order_id'],
LINE: 96

FILE: catalog/model/checkout/order.php
CODE: $order_query->row['order_id'],
LINE: 170

FILE: admin/view/template/sale/order_info.tpl
CODE: <td><?php echo $text_reward; ?></td>
LINE: 100
CODE: <?php echo $footer; ?>
LINE: 700

FILE: catalog/model/account/order.php
CODE: $order_query->row['order_id'],
LINE: 46

FILE: catalog/controller/account/order.php
CODE: if ($order_info['invoice_no']) {
LINE: 210

FILE: catalog/view/theme/default/template/account/order_info.tpl
CODE: <b><?php echo $text_shipping_method; ?></b> <?php echo $shipping_method; ?>
LINE: 49

FILE: catalog/view/theme/fastor/template/account/order_info.tpl
CODE: <b><?php echo $text_shipping_method; ?></b> <?php echo $shipping_method; ?>
LINE: 27
----------------------------------------------------------------
2017-05-15 13:18:36 - MOD: Modification Default

FILE: system/engine/action.php
REGEX: ~(require|include)(_once)?\(([^)]+)~
LINE: 41

FILE: system/engine/loader.php
REGEX: ~(require|include)(_once)?\(([^)]+)~
LINE: 49
LINE: 108
LINE: 120
LINE: 165

FILE: system/library/config.php
REGEX: ~(require|include)(_once)?\(([^)]+)~
LINE: 23

FILE: system/library/language.php
REGEX: ~(require|include)(_once)?\(([^)]+)~
LINE: 38
LINE: 40
LINE: 49
LINE: 51
LINE: 60
LINE: 62

FILE: system/library/template/php.php
REGEX: ~(require|include)(_once)?\(([^)]+)~
LINE: 18

FILE: system/library/template/tiwg.php
REGEX: ~(require|include)(_once)?\(([^)]+)~
LINE: 24
----------------------------------------------------------------
MOD: OcStore 2.3.x track number

FILE: admin/controller/sale/order.php
CODE: $data['shipping_method'] = $order_info['shipping_method'];
LINE: 567
LINE: 942
CODE: public function history() {
LINE: 1545

FILE: admin/model/sale/order.php
CODE: $order_query->row['order_id'],
LINE: 96

FILE: catalog/model/checkout/order.php
CODE: $order_query->row['order_id'],
LINE: 170

FILE: admin/view/template/sale/order_info.tpl
CODE: <td><?php echo $text_reward; ?></td>
LINE: 100
CODE: <?php echo $footer; ?>
LINE: 700

FILE: catalog/model/account/order.php
CODE: $order_query->row['order_id'],
LINE: 46

FILE: catalog/controller/account/order.php
CODE: if ($order_info['invoice_no']) {
LINE: 210

FILE: catalog/view/theme/default/template/account/order_info.tpl
CODE: <b><?php echo $text_shipping_method; ?></b> <?php echo $shipping_method; ?>
LINE: 49

FILE: catalog/view/theme/fastor/template/account/order_info.tpl
CODE: <b><?php echo $text_shipping_method; ?></b> <?php echo $shipping_method; ?>
LINE: 27
----------------------------------------------------------------
2017-05-15 14:19:46 - MOD: Modification Default

FILE: system/engine/action.php
REGEX: ~(require|include)(_once)?\(([^)]+)~
LINE: 41

FILE: system/engine/loader.php
REGEX: ~(require|include)(_once)?\(([^)]+)~
LINE: 49
LINE: 108
LINE: 120
LINE: 165

FILE: system/library/config.php
REGEX: ~(require|include)(_once)?\(([^)]+)~
LINE: 23

FILE: system/library/language.php
REGEX: ~(require|include)(_once)?\(([^)]+)~
LINE: 38
LINE: 40
LINE: 49
LINE: 51
LINE: 60
LINE: 62

FILE: system/library/template/php.php
REGEX: ~(require|include)(_once)?\(([^)]+)~
LINE: 18

FILE: system/library/template/tiwg.php
REGEX: ~(require|include)(_once)?\(([^)]+)~
LINE: 24
----------------------------------------------------------------
MOD: OcStore 2.3.x track number

FILE: admin/controller/sale/order.php
CODE: $data['shipping_method'] = $order_info['shipping_method'];
LINE: 567
LINE: 942
CODE: public function history() {
LINE: 1545

FILE: admin/model/sale/order.php
CODE: $order_query->row['order_id'],
LINE: 96

FILE: catalog/model/checkout/order.php
CODE: $order_query->row['order_id'],
LINE: 170

FILE: admin/view/template/sale/order_info.tpl
CODE: <td><?php echo $text_reward; ?></td>
LINE: 100
CODE: <?php echo $footer; ?>
LINE: 700

FILE: catalog/model/account/order.php
CODE: $order_query->row['order_id'],
LINE: 46

FILE: catalog/controller/account/order.php
CODE: if ($order_info['invoice_no']) {
LINE: 210

FILE: catalog/view/theme/default/template/account/order_info.tpl
CODE: <b><?php echo $text_shipping_method; ?></b> <?php echo $shipping_method; ?>
LINE: 49

FILE: catalog/view/theme/fastor/template/account/order_info.tpl
CODE: <b><?php echo $text_shipping_method; ?></b> <?php echo $shipping_method; ?>
LINE: 27
----------------------------------------------------------------
2017-05-15 18:34:41 - MOD: Modification Default

FILE: system/engine/action.php
REGEX: ~(require|include)(_once)?\(([^)]+)~
LINE: 41

FILE: system/engine/loader.php
REGEX: ~(require|include)(_once)?\(([^)]+)~
LINE: 49
LINE: 108
LINE: 120
LINE: 165

FILE: system/library/config.php
REGEX: ~(require|include)(_once)?\(([^)]+)~
LINE: 23

FILE: system/library/language.php
REGEX: ~(require|include)(_once)?\(([^)]+)~
LINE: 38
LINE: 40
LINE: 49
LINE: 51
LINE: 60
LINE: 62

FILE: system/library/template/php.php
REGEX: ~(require|include)(_once)?\(([^)]+)~
LINE: 18

FILE: system/library/template/tiwg.php
REGEX: ~(require|include)(_once)?\(([^)]+)~
LINE: 24
----------------------------------------------------------------
MOD: OcStore 2.3.x track number

FILE: admin/controller/sale/order.php
CODE: $data['shipping_method'] = $order_info['shipping_method'];
LINE: 567
LINE: 942
CODE: public function history() {
LINE: 1545

FILE: admin/model/sale/order.php
CODE: $order_query->row['order_id'],
LINE: 96

FILE: catalog/model/checkout/order.php
CODE: $order_query->row['order_id'],
LINE: 170

FILE: admin/view/template/sale/order_info.tpl
CODE: <td><?php echo $text_reward; ?></td>
LINE: 100
CODE: <?php echo $footer; ?>
LINE: 700

FILE: catalog/model/account/order.php
CODE: $order_query->row['order_id'],
LINE: 46

FILE: catalog/controller/account/order.php
CODE: if ($order_info['invoice_no']) {
LINE: 210

FILE: catalog/view/theme/default/template/account/order_info.tpl
CODE: <b><?php echo $text_shipping_method; ?></b> <?php echo $shipping_method; ?>
LINE: 49

FILE: catalog/view/theme/fastor/template/account/order_info.tpl
CODE: <b><?php echo $text_shipping_method; ?></b> <?php echo $shipping_method; ?>
LINE: 27
----------------------------------------------------------------
2017-05-16 6:51:21 - MOD: Modification Default

FILE: system/engine/action.php
REGEX: ~(require|include)(_once)?\(([^)]+)~
LINE: 41

FILE: system/engine/loader.php
REGEX: ~(require|include)(_once)?\(([^)]+)~
LINE: 49
LINE: 108
LINE: 120
LINE: 165

FILE: system/library/config.php
REGEX: ~(require|include)(_once)?\(([^)]+)~
LINE: 23

FILE: system/library/language.php
REGEX: ~(require|include)(_once)?\(([^)]+)~
LINE: 38
LINE: 40
LINE: 49
LINE: 51
LINE: 60
LINE: 62

FILE: system/library/template/php.php
REGEX: ~(require|include)(_once)?\(([^)]+)~
LINE: 18

FILE: system/library/template/tiwg.php
REGEX: ~(require|include)(_once)?\(([^)]+)~
LINE: 24
----------------------------------------------------------------
MOD: OcStore 2.3.x track number

FILE: admin/controller/sale/order.php
CODE: $data['shipping_method'] = $order_info['shipping_method'];
LINE: 567
LINE: 942
CODE: public function history() {
LINE: 1545

FILE: admin/model/sale/order.php
CODE: $order_query->row['order_id'],
LINE: 96

FILE: catalog/model/checkout/order.php
CODE: $order_query->row['order_id'],
LINE: 170

FILE: admin/view/template/sale/order_info.tpl
CODE: <td><?php echo $text_reward; ?></td>
LINE: 100
CODE: <?php echo $footer; ?>
LINE: 700

FILE: catalog/model/account/order.php
CODE: $order_query->row['order_id'],
LINE: 46

FILE: catalog/controller/account/order.php
CODE: if ($order_info['invoice_no']) {
LINE: 210

FILE: catalog/view/theme/default/template/account/order_info.tpl
CODE: <b><?php echo $text_shipping_method; ?></b> <?php echo $shipping_method; ?>
LINE: 49

FILE: catalog/view/theme/fastor/template/account/order_info.tpl
CODE: <b><?php echo $text_shipping_method; ?></b> <?php echo $shipping_method; ?>
LINE: 27
----------------------------------------------------------------
2017-05-16 7:35:30 - MOD: Modification Default

FILE: system/engine/action.php
REGEX: ~(require|include)(_once)?\(([^)]+)~
LINE: 41

FILE: system/engine/loader.php
REGEX: ~(require|include)(_once)?\(([^)]+)~
LINE: 49
LINE: 108
LINE: 120
LINE: 165

FILE: system/library/config.php
REGEX: ~(require|include)(_once)?\(([^)]+)~
LINE: 23

FILE: system/library/language.php
REGEX: ~(require|include)(_once)?\(([^)]+)~
LINE: 38
LINE: 40
LINE: 49
LINE: 51
LINE: 60
LINE: 62

FILE: system/library/template/php.php
REGEX: ~(require|include)(_once)?\(([^)]+)~
LINE: 18

FILE: system/library/template/tiwg.php
REGEX: ~(require|include)(_once)?\(([^)]+)~
LINE: 24
----------------------------------------------------------------
MOD: OcStore 2.3.x track number

FILE: admin/controller/sale/order.php
CODE: $data['shipping_method'] = $order_info['shipping_method'];
LINE: 567
LINE: 942
CODE: public function history() {
LINE: 1545

FILE: admin/model/sale/order.php
CODE: $order_query->row['order_id'],
LINE: 96

FILE: catalog/model/checkout/order.php
CODE: $order_query->row['order_id'],
LINE: 170

FILE: admin/view/template/sale/order_info.tpl
CODE: <td><?php echo $text_reward; ?></td>
LINE: 100
CODE: <?php echo $footer; ?>
LINE: 700

FILE: catalog/model/account/order.php
CODE: $order_query->row['order_id'],
LINE: 46

FILE: catalog/controller/account/order.php
CODE: if ($order_info['invoice_no']) {
LINE: 210

FILE: catalog/view/theme/default/template/account/order_info.tpl
CODE: <b><?php echo $text_shipping_method; ?></b> <?php echo $shipping_method; ?>
LINE: 49

FILE: catalog/view/theme/fastor/template/account/order_info.tpl
CODE: <b><?php echo $text_shipping_method; ?></b> <?php echo $shipping_method; ?>
LINE: 27
----------------------------------------------------------------
2017-05-16 10:02:56 - MOD: Modification Default

FILE: system/engine/action.php
REGEX: ~(require|include)(_once)?\(([^)]+)~
LINE: 41

FILE: system/engine/loader.php
REGEX: ~(require|include)(_once)?\(([^)]+)~
LINE: 49
LINE: 108
LINE: 120
LINE: 165

FILE: system/library/config.php
REGEX: ~(require|include)(_once)?\(([^)]+)~
LINE: 23

FILE: system/library/language.php
REGEX: ~(require|include)(_once)?\(([^)]+)~
LINE: 38
LINE: 40
LINE: 49
LINE: 51
LINE: 60
LINE: 62

FILE: system/library/template/php.php
REGEX: ~(require|include)(_once)?\(([^)]+)~
LINE: 18

FILE: system/library/template/tiwg.php
REGEX: ~(require|include)(_once)?\(([^)]+)~
LINE: 24
----------------------------------------------------------------
MOD: OcStore 2.3.x track number

FILE: admin/controller/sale/order.php
CODE: $data['shipping_method'] = $order_info['shipping_method'];
LINE: 567
LINE: 942
CODE: public function history() {
LINE: 1545

FILE: admin/model/sale/order.php
CODE: $order_query->row['order_id'],
LINE: 96

FILE: catalog/model/checkout/order.php
CODE: $order_query->row['order_id'],
LINE: 170

FILE: admin/view/template/sale/order_info.tpl
CODE: <td><?php echo $text_reward; ?></td>
LINE: 100
CODE: <?php echo $footer; ?>
LINE: 700

FILE: catalog/model/account/order.php
CODE: $order_query->row['order_id'],
LINE: 46

FILE: catalog/controller/account/order.php
CODE: if ($order_info['invoice_no']) {
LINE: 210

FILE: catalog/view/theme/default/template/account/order_info.tpl
CODE: <b><?php echo $text_shipping_method; ?></b> <?php echo $shipping_method; ?>
LINE: 49

FILE: catalog/view/theme/fastor/template/account/order_info.tpl
CODE: <b><?php echo $text_shipping_method; ?></b> <?php echo $shipping_method; ?>
LINE: 27
----------------------------------------------------------------
2017-05-17 4:21:04 - MOD: Modification Default

FILE: system/engine/action.php
REGEX: ~(require|include)(_once)?\(([^)]+)~
LINE: 41

FILE: system/engine/loader.php
REGEX: ~(require|include)(_once)?\(([^)]+)~
LINE: 49
LINE: 108
LINE: 120
LINE: 165

FILE: system/library/config.php
REGEX: ~(require|include)(_once)?\(([^)]+)~
LINE: 23

FILE: system/library/language.php
REGEX: ~(require|include)(_once)?\(([^)]+)~
LINE: 38
LINE: 40
LINE: 49
LINE: 51
LINE: 60
LINE: 62

FILE: system/library/template/php.php
REGEX: ~(require|include)(_once)?\(([^)]+)~
LINE: 18

FILE: system/library/template/tiwg.php
REGEX: ~(require|include)(_once)?\(([^)]+)~
LINE: 24
----------------------------------------------------------------
MOD: OcStore 2.3.x track number

FILE: admin/controller/sale/order.php
CODE: $data['shipping_method'] = $order_info['shipping_method'];
LINE: 567
LINE: 942
CODE: public function history() {
LINE: 1545

FILE: admin/model/sale/order.php
CODE: $order_query->row['order_id'],
LINE: 96

FILE: catalog/model/checkout/order.php
CODE: $order_query->row['order_id'],
LINE: 170

FILE: admin/view/template/sale/order_info.tpl
CODE: <td><?php echo $text_reward; ?></td>
LINE: 100
CODE: <?php echo $footer; ?>
LINE: 700

FILE: catalog/model/account/order.php
CODE: $order_query->row['order_id'],
LINE: 46

FILE: catalog/controller/account/order.php
CODE: if ($order_info['invoice_no']) {
LINE: 210

FILE: catalog/view/theme/default/template/account/order_info.tpl
CODE: <b><?php echo $text_shipping_method; ?></b> <?php echo $shipping_method; ?>
LINE: 49

FILE: catalog/view/theme/fastor/template/account/order_info.tpl
CODE: <b><?php echo $text_shipping_method; ?></b> <?php echo $shipping_method; ?>
LINE: 27
----------------------------------------------------------------
2017-05-17 4:21:04 - MOD: Modification Default

FILE: system/engine/action.php
REGEX: ~(require|include)(_once)?\(([^)]+)~
LINE: 41

FILE: system/engine/loader.php
REGEX: ~(require|include)(_once)?\(([^)]+)~
LINE: 49
LINE: 108
LINE: 120
LINE: 165

FILE: system/library/config.php
REGEX: ~(require|include)(_once)?\(([^)]+)~
LINE: 23

FILE: system/library/language.php
REGEX: ~(require|include)(_once)?\(([^)]+)~
LINE: 38
LINE: 40
LINE: 49
LINE: 51
LINE: 60
LINE: 62

FILE: system/library/template/php.php
REGEX: ~(require|include)(_once)?\(([^)]+)~
LINE: 18

FILE: system/library/template/tiwg.php
REGEX: ~(require|include)(_once)?\(([^)]+)~
LINE: 24
----------------------------------------------------------------
MOD: OcStore 2.3.x track number

FILE: admin/controller/sale/order.php
CODE: $data['shipping_method'] = $order_info['shipping_method'];
LINE: 567
LINE: 942
CODE: public function history() {
LINE: 1545

FILE: admin/model/sale/order.php
CODE: $order_query->row['order_id'],
LINE: 96

FILE: catalog/model/checkout/order.php
CODE: $order_query->row['order_id'],
LINE: 170

FILE: admin/view/template/sale/order_info.tpl
CODE: <td><?php echo $text_reward; ?></td>
LINE: 100
CODE: <?php echo $footer; ?>
LINE: 700

FILE: catalog/model/account/order.php
CODE: $order_query->row['order_id'],
LINE: 46

FILE: catalog/controller/account/order.php
CODE: if ($order_info['invoice_no']) {
LINE: 210

FILE: catalog/view/theme/default/template/account/order_info.tpl
CODE: <b><?php echo $text_shipping_method; ?></b> <?php echo $shipping_method; ?>
LINE: 49

FILE: catalog/view/theme/fastor/template/account/order_info.tpl
CODE: <b><?php echo $text_shipping_method; ?></b> <?php echo $shipping_method; ?>
LINE: 27
----------------------------------------------------------------
2017-05-17 4:32:03 - MOD: Modification Default

FILE: system/engine/action.php
REGEX: ~(require|include)(_once)?\(([^)]+)~
LINE: 41

FILE: system/engine/loader.php
REGEX: ~(require|include)(_once)?\(([^)]+)~
LINE: 49
LINE: 108
LINE: 120
LINE: 165

FILE: system/library/config.php
REGEX: ~(require|include)(_once)?\(([^)]+)~
LINE: 23

FILE: system/library/language.php
REGEX: ~(require|include)(_once)?\(([^)]+)~
LINE: 38
LINE: 40
LINE: 49
LINE: 51
LINE: 60
LINE: 62

FILE: system/library/template/php.php
REGEX: ~(require|include)(_once)?\(([^)]+)~
LINE: 18

FILE: system/library/template/tiwg.php
REGEX: ~(require|include)(_once)?\(([^)]+)~
LINE: 24
----------------------------------------------------------------
MOD: OcStore 2.3.x track number

FILE: admin/controller/sale/order.php
CODE: $data['shipping_method'] = $order_info['shipping_method'];
LINE: 567
LINE: 942
CODE: public function history() {
LINE: 1545

FILE: admin/model/sale/order.php
CODE: $order_query->row['order_id'],
LINE: 96

FILE: catalog/model/checkout/order.php
CODE: $order_query->row['order_id'],
LINE: 170

FILE: admin/view/template/sale/order_info.tpl
CODE: <td><?php echo $text_reward; ?></td>
LINE: 100
CODE: <?php echo $footer; ?>
LINE: 700

FILE: catalog/model/account/order.php
CODE: $order_query->row['order_id'],
LINE: 46

FILE: catalog/controller/account/order.php
CODE: if ($order_info['invoice_no']) {
LINE: 210

FILE: catalog/view/theme/default/template/account/order_info.tpl
CODE: <b><?php echo $text_shipping_method; ?></b> <?php echo $shipping_method; ?>
LINE: 49

FILE: catalog/view/theme/fastor/template/account/order_info.tpl
CODE: <b><?php echo $text_shipping_method; ?></b> <?php echo $shipping_method; ?>
LINE: 27
----------------------------------------------------------------
2017-05-17 4:32:05 - MOD: Modification Default

FILE: system/engine/action.php
REGEX: ~(require|include)(_once)?\(([^)]+)~
LINE: 41

FILE: system/engine/loader.php
REGEX: ~(require|include)(_once)?\(([^)]+)~
LINE: 49
LINE: 108
LINE: 120
LINE: 165

FILE: system/library/config.php
REGEX: ~(require|include)(_once)?\(([^)]+)~
LINE: 23

FILE: system/library/language.php
REGEX: ~(require|include)(_once)?\(([^)]+)~
LINE: 38
LINE: 40
LINE: 49
LINE: 51
LINE: 60
LINE: 62

FILE: system/library/template/php.php
REGEX: ~(require|include)(_once)?\(([^)]+)~
LINE: 18

FILE: system/library/template/tiwg.php
REGEX: ~(require|include)(_once)?\(([^)]+)~
LINE: 24
----------------------------------------------------------------
MOD: OcStore 2.3.x track number

FILE: admin/controller/sale/order.php
CODE: $data['shipping_method'] = $order_info['shipping_method'];
LINE: 567
LINE: 942
CODE: public function history() {
LINE: 1545

FILE: admin/model/sale/order.php
CODE: $order_query->row['order_id'],
LINE: 96

FILE: catalog/model/checkout/order.php
CODE: $order_query->row['order_id'],
LINE: 170

FILE: admin/view/template/sale/order_info.tpl
CODE: <td><?php echo $text_reward; ?></td>
LINE: 100
CODE: <?php echo $footer; ?>
LINE: 700

FILE: catalog/model/account/order.php
CODE: $order_query->row['order_id'],
LINE: 46

FILE: catalog/controller/account/order.php
CODE: if ($order_info['invoice_no']) {
LINE: 210

FILE: catalog/view/theme/default/template/account/order_info.tpl
CODE: <b><?php echo $text_shipping_method; ?></b> <?php echo $shipping_method; ?>
LINE: 49

FILE: catalog/view/theme/fastor/template/account/order_info.tpl
CODE: <b><?php echo $text_shipping_method; ?></b> <?php echo $shipping_method; ?>
LINE: 27
----------------------------------------------------------------
2017-05-17 4:32:05 - MOD: Modification Default

FILE: system/engine/action.php
REGEX: ~(require|include)(_once)?\(([^)]+)~
LINE: 41

FILE: system/engine/loader.php
REGEX: ~(require|include)(_once)?\(([^)]+)~
LINE: 49
LINE: 108
LINE: 120
LINE: 165

FILE: system/library/config.php
REGEX: ~(require|include)(_once)?\(([^)]+)~
LINE: 23

FILE: system/library/language.php
REGEX: ~(require|include)(_once)?\(([^)]+)~
LINE: 38
LINE: 40
LINE: 49
LINE: 51
LINE: 60
LINE: 62

FILE: system/library/template/php.php
REGEX: ~(require|include)(_once)?\(([^)]+)~
LINE: 18

FILE: system/library/template/tiwg.php
REGEX: ~(require|include)(_once)?\(([^)]+)~
LINE: 24
----------------------------------------------------------------
MOD: OcStore 2.3.x track number

FILE: admin/controller/sale/order.php
CODE: $data['shipping_method'] = $order_info['shipping_method'];
LINE: 567
LINE: 942
CODE: public function history() {
LINE: 1545

FILE: admin/model/sale/order.php
CODE: $order_query->row['order_id'],
LINE: 96

FILE: catalog/model/checkout/order.php
CODE: $order_query->row['order_id'],
LINE: 170

FILE: admin/view/template/sale/order_info.tpl
CODE: <td><?php echo $text_reward; ?></td>
LINE: 100
CODE: <?php echo $footer; ?>
LINE: 700

FILE: catalog/model/account/order.php
CODE: $order_query->row['order_id'],
LINE: 46

FILE: catalog/controller/account/order.php
CODE: if ($order_info['invoice_no']) {
LINE: 210

FILE: catalog/view/theme/default/template/account/order_info.tpl
CODE: <b><?php echo $text_shipping_method; ?></b> <?php echo $shipping_method; ?>
LINE: 49

FILE: catalog/view/theme/fastor/template/account/order_info.tpl
CODE: <b><?php echo $text_shipping_method; ?></b> <?php echo $shipping_method; ?>
LINE: 27
----------------------------------------------------------------
2017-05-17 5:57:55 - MOD: Modification Default

FILE: system/engine/action.php
REGEX: ~(require|include)(_once)?\(([^)]+)~
LINE: 41

FILE: system/engine/loader.php
REGEX: ~(require|include)(_once)?\(([^)]+)~
LINE: 49
LINE: 108
LINE: 120
LINE: 165

FILE: system/library/config.php
REGEX: ~(require|include)(_once)?\(([^)]+)~
LINE: 23

FILE: system/library/language.php
REGEX: ~(require|include)(_once)?\(([^)]+)~
LINE: 38
LINE: 40
LINE: 49
LINE: 51
LINE: 60
LINE: 62

FILE: system/library/template/php.php
REGEX: ~(require|include)(_once)?\(([^)]+)~
LINE: 18

FILE: system/library/template/tiwg.php
REGEX: ~(require|include)(_once)?\(([^)]+)~
LINE: 24
----------------------------------------------------------------
MOD: OcStore 2.3.x track number

FILE: admin/controller/sale/order.php
CODE: $data['shipping_method'] = $order_info['shipping_method'];
LINE: 567
LINE: 942
CODE: public function history() {
LINE: 1545

FILE: admin/model/sale/order.php
CODE: $order_query->row['order_id'],
LINE: 96

FILE: catalog/model/checkout/order.php
CODE: $order_query->row['order_id'],
LINE: 170

FILE: admin/view/template/sale/order_info.tpl
CODE: <td><?php echo $text_reward; ?></td>
LINE: 100
CODE: <?php echo $footer; ?>
LINE: 700

FILE: catalog/model/account/order.php
CODE: $order_query->row['order_id'],
LINE: 46

FILE: catalog/controller/account/order.php
CODE: if ($order_info['invoice_no']) {
LINE: 210

FILE: catalog/view/theme/default/template/account/order_info.tpl
CODE: <b><?php echo $text_shipping_method; ?></b> <?php echo $shipping_method; ?>
LINE: 49

FILE: catalog/view/theme/fastor/template/account/order_info.tpl
CODE: <b><?php echo $text_shipping_method; ?></b> <?php echo $shipping_method; ?>
LINE: 27
----------------------------------------------------------------
2017-05-17 5:58:42 - MOD: Modification Default

FILE: system/engine/action.php
REGEX: ~(require|include)(_once)?\(([^)]+)~
LINE: 41

FILE: system/engine/loader.php
REGEX: ~(require|include)(_once)?\(([^)]+)~
LINE: 49
LINE: 108
LINE: 120
LINE: 165

FILE: system/library/config.php
REGEX: ~(require|include)(_once)?\(([^)]+)~
LINE: 23

FILE: system/library/language.php
REGEX: ~(require|include)(_once)?\(([^)]+)~
LINE: 38
LINE: 40
LINE: 49
LINE: 51
LINE: 60
LINE: 62

FILE: system/library/template/php.php
REGEX: ~(require|include)(_once)?\(([^)]+)~
LINE: 18

FILE: system/library/template/tiwg.php
REGEX: ~(require|include)(_once)?\(([^)]+)~
LINE: 24
----------------------------------------------------------------
MOD: OcStore 2.3.x track number

FILE: admin/controller/sale/order.php
CODE: $data['shipping_method'] = $order_info['shipping_method'];
LINE: 567
LINE: 942
CODE: public function history() {
LINE: 1545

FILE: admin/model/sale/order.php
CODE: $order_query->row['order_id'],
LINE: 96

FILE: catalog/model/checkout/order.php
CODE: $order_query->row['order_id'],
LINE: 170

FILE: admin/view/template/sale/order_info.tpl
CODE: <td><?php echo $text_reward; ?></td>
LINE: 100
CODE: <?php echo $footer; ?>
LINE: 700

FILE: catalog/model/account/order.php
CODE: $order_query->row['order_id'],
LINE: 46

FILE: catalog/controller/account/order.php
CODE: if ($order_info['invoice_no']) {
LINE: 210

FILE: catalog/view/theme/default/template/account/order_info.tpl
CODE: <b><?php echo $text_shipping_method; ?></b> <?php echo $shipping_method; ?>
LINE: 49

FILE: catalog/view/theme/fastor/template/account/order_info.tpl
CODE: <b><?php echo $text_shipping_method; ?></b> <?php echo $shipping_method; ?>
LINE: 27
----------------------------------------------------------------
2017-05-17 7:35:42 - MOD: Modification Default

FILE: system/engine/action.php
REGEX: ~(require|include)(_once)?\(([^)]+)~
LINE: 41

FILE: system/engine/loader.php
REGEX: ~(require|include)(_once)?\(([^)]+)~
LINE: 49
LINE: 108
LINE: 120
LINE: 165

FILE: system/library/config.php
REGEX: ~(require|include)(_once)?\(([^)]+)~
LINE: 23

FILE: system/library/language.php
REGEX: ~(require|include)(_once)?\(([^)]+)~
LINE: 38
LINE: 40
LINE: 49
LINE: 51
LINE: 60
LINE: 62

FILE: system/library/template/php.php
REGEX: ~(require|include)(_once)?\(([^)]+)~
LINE: 18

FILE: system/library/template/tiwg.php
REGEX: ~(require|include)(_once)?\(([^)]+)~
LINE: 24
----------------------------------------------------------------
MOD: OcStore 2.3.x track number

FILE: admin/controller/sale/order.php
CODE: $data['shipping_method'] = $order_info['shipping_method'];
LINE: 567
LINE: 942
CODE: public function history() {
LINE: 1545

FILE: admin/model/sale/order.php
CODE: $order_query->row['order_id'],
LINE: 96

FILE: catalog/model/checkout/order.php
CODE: $order_query->row['order_id'],
LINE: 170

FILE: admin/view/template/sale/order_info.tpl
CODE: <td><?php echo $text_reward; ?></td>
LINE: 100
CODE: <?php echo $footer; ?>
LINE: 700

FILE: catalog/model/account/order.php
CODE: $order_query->row['order_id'],
LINE: 46

FILE: catalog/controller/account/order.php
CODE: if ($order_info['invoice_no']) {
LINE: 210

FILE: catalog/view/theme/default/template/account/order_info.tpl
CODE: <b><?php echo $text_shipping_method; ?></b> <?php echo $shipping_method; ?>
LINE: 49

FILE: catalog/view/theme/fastor/template/account/order_info.tpl
CODE: <b><?php echo $text_shipping_method; ?></b> <?php echo $shipping_method; ?>
LINE: 27
----------------------------------------------------------------
2017-05-19 5:25:32 - MOD: Modification Default

FILE: system/engine/action.php
REGEX: ~(require|include)(_once)?\(([^)]+)~
LINE: 41

FILE: system/engine/loader.php
REGEX: ~(require|include)(_once)?\(([^)]+)~
LINE: 49
LINE: 108
LINE: 120
LINE: 165

FILE: system/library/config.php
REGEX: ~(require|include)(_once)?\(([^)]+)~
LINE: 23

FILE: system/library/language.php
REGEX: ~(require|include)(_once)?\(([^)]+)~
LINE: 38
LINE: 40
LINE: 49
LINE: 51
LINE: 60
LINE: 62

FILE: system/library/template/php.php
REGEX: ~(require|include)(_once)?\(([^)]+)~
LINE: 18

FILE: system/library/template/tiwg.php
REGEX: ~(require|include)(_once)?\(([^)]+)~
LINE: 24
----------------------------------------------------------------
MOD: OcStore 2.3.x track number

FILE: admin/controller/sale/order.php
CODE: $data['shipping_method'] = $order_info['shipping_method'];
LINE: 567
LINE: 942
CODE: public function history() {
LINE: 1545

FILE: admin/model/sale/order.php
CODE: $order_query->row['order_id'],
LINE: 96

FILE: catalog/model/checkout/order.php
CODE: $order_query->row['order_id'],
LINE: 170

FILE: admin/view/template/sale/order_info.tpl
CODE: <td><?php echo $text_reward; ?></td>
LINE: 100
CODE: <?php echo $footer; ?>
LINE: 700

FILE: catalog/model/account/order.php
CODE: $order_query->row['order_id'],
LINE: 46

FILE: catalog/controller/account/order.php
CODE: if ($order_info['invoice_no']) {
LINE: 210

FILE: catalog/view/theme/default/template/account/order_info.tpl
CODE: <b><?php echo $text_shipping_method; ?></b> <?php echo $shipping_method; ?>
LINE: 49

FILE: catalog/view/theme/fastor/template/account/order_info.tpl
CODE: <b><?php echo $text_shipping_method; ?></b> <?php echo $shipping_method; ?>
LINE: 27
----------------------------------------------------------------
2017-05-19 10:55:18 - MOD: Modification Default

FILE: system/engine/action.php
REGEX: ~(require|include)(_once)?\(([^)]+)~
LINE: 41

FILE: system/engine/loader.php
REGEX: ~(require|include)(_once)?\(([^)]+)~
LINE: 49
LINE: 108
LINE: 120
LINE: 165

FILE: system/library/config.php
REGEX: ~(require|include)(_once)?\(([^)]+)~
LINE: 23

FILE: system/library/language.php
REGEX: ~(require|include)(_once)?\(([^)]+)~
LINE: 38
LINE: 40
LINE: 49
LINE: 51
LINE: 60
LINE: 62

FILE: system/library/template/php.php
REGEX: ~(require|include)(_once)?\(([^)]+)~
LINE: 18

FILE: system/library/template/tiwg.php
REGEX: ~(require|include)(_once)?\(([^)]+)~
LINE: 24
----------------------------------------------------------------
MOD: Export/Import Tool (V3.10) for Ocstore 2.x

FILE: admin/controller/common/column_left.php
CODE: if ($this->user->hasPermission('access', 'tool/log')) {
LINE: 636

FILE: admin/language/en-gb/common/column_left.php
CODE: $_['text_backup']
LINE: 9

FILE: admin/language/ru-ru/common/column_left.php
CODE: $_['text_backup']
LINE: 9
----------------------------------------------------------------
MOD: OcStore 2.3.x track number

FILE: admin/controller/sale/order.php
CODE: $data['shipping_method'] = $order_info['shipping_method'];
LINE: 567
LINE: 942
CODE: public function history() {
LINE: 1545

FILE: admin/model/sale/order.php
CODE: $order_query->row['order_id'],
LINE: 96

FILE: catalog/model/checkout/order.php
CODE: $order_query->row['order_id'],
LINE: 170

FILE: admin/view/template/sale/order_info.tpl
CODE: <td><?php echo $text_reward; ?></td>
LINE: 100
CODE: <?php echo $footer; ?>
LINE: 700

FILE: catalog/model/account/order.php
CODE: $order_query->row['order_id'],
LINE: 46

FILE: catalog/controller/account/order.php
CODE: if ($order_info['invoice_no']) {
LINE: 210

FILE: catalog/view/theme/default/template/account/order_info.tpl
CODE: <b><?php echo $text_shipping_method; ?></b> <?php echo $shipping_method; ?>
LINE: 49

FILE: catalog/view/theme/fastor/template/account/order_info.tpl
CODE: <b><?php echo $text_shipping_method; ?></b> <?php echo $shipping_method; ?>
LINE: 27
----------------------------------------------------------------
2017-05-19 10:55:22 - MOD: Modification Default

FILE: system/engine/action.php
REGEX: ~(require|include)(_once)?\(([^)]+)~
LINE: 41

FILE: system/engine/loader.php
REGEX: ~(require|include)(_once)?\(([^)]+)~
LINE: 49
LINE: 108
LINE: 120
LINE: 165

FILE: system/library/config.php
REGEX: ~(require|include)(_once)?\(([^)]+)~
LINE: 23

FILE: system/library/language.php
REGEX: ~(require|include)(_once)?\(([^)]+)~
LINE: 38
LINE: 40
LINE: 49
LINE: 51
LINE: 60
LINE: 62

FILE: system/library/template/php.php
REGEX: ~(require|include)(_once)?\(([^)]+)~
LINE: 18

FILE: system/library/template/tiwg.php
REGEX: ~(require|include)(_once)?\(([^)]+)~
LINE: 24
----------------------------------------------------------------
MOD: Export/Import Tool (V3.10) for Ocstore 2.x

FILE: admin/controller/common/column_left.php
CODE: if ($this->user->hasPermission('access', 'tool/log')) {
LINE: 636

FILE: admin/language/en-gb/common/column_left.php
CODE: $_['text_backup']
LINE: 9

FILE: admin/language/ru-ru/common/column_left.php
CODE: $_['text_backup']
LINE: 9
----------------------------------------------------------------
MOD: OcStore 2.3.x track number

FILE: admin/controller/sale/order.php
CODE: $data['shipping_method'] = $order_info['shipping_method'];
LINE: 567
LINE: 942
CODE: public function history() {
LINE: 1545

FILE: admin/model/sale/order.php
CODE: $order_query->row['order_id'],
LINE: 96

FILE: catalog/model/checkout/order.php
CODE: $order_query->row['order_id'],
LINE: 170

FILE: admin/view/template/sale/order_info.tpl
CODE: <td><?php echo $text_reward; ?></td>
LINE: 100
CODE: <?php echo $footer; ?>
LINE: 700

FILE: catalog/model/account/order.php
CODE: $order_query->row['order_id'],
LINE: 46

FILE: catalog/controller/account/order.php
CODE: if ($order_info['invoice_no']) {
LINE: 210

FILE: catalog/view/theme/default/template/account/order_info.tpl
CODE: <b><?php echo $text_shipping_method; ?></b> <?php echo $shipping_method; ?>
LINE: 49

FILE: catalog/view/theme/fastor/template/account/order_info.tpl
CODE: <b><?php echo $text_shipping_method; ?></b> <?php echo $shipping_method; ?>
LINE: 27
----------------------------------------------------------------
2017-05-19 11:03:33 - MOD: Modification Default

FILE: system/engine/action.php
REGEX: ~(require|include)(_once)?\(([^)]+)~
LINE: 41

FILE: system/engine/loader.php
REGEX: ~(require|include)(_once)?\(([^)]+)~
LINE: 49
LINE: 108
LINE: 120
LINE: 165

FILE: system/library/config.php
REGEX: ~(require|include)(_once)?\(([^)]+)~
LINE: 23

FILE: system/library/language.php
REGEX: ~(require|include)(_once)?\(([^)]+)~
LINE: 38
LINE: 40
LINE: 49
LINE: 51
LINE: 60
LINE: 62

FILE: system/library/template/php.php
REGEX: ~(require|include)(_once)?\(([^)]+)~
LINE: 18

FILE: system/library/template/tiwg.php
REGEX: ~(require|include)(_once)?\(([^)]+)~
LINE: 24
----------------------------------------------------------------
MOD: Export/Import Tool (V3.10) for Ocstore 2.x

FILE: admin/controller/common/column_left.php
CODE: if ($this->user->hasPermission('access', 'tool/log')) {
LINE: 636

FILE: admin/language/en-gb/common/column_left.php
CODE: $_['text_backup']
LINE: 9

FILE: admin/language/ru-ru/common/column_left.php
CODE: $_['text_backup']
LINE: 9
----------------------------------------------------------------
MOD: OcStore 2.3.x track number

FILE: admin/controller/sale/order.php
CODE: $data['shipping_method'] = $order_info['shipping_method'];
LINE: 567
LINE: 942
CODE: public function history() {
LINE: 1545

FILE: admin/model/sale/order.php
CODE: $order_query->row['order_id'],
LINE: 96

FILE: catalog/model/checkout/order.php
CODE: $order_query->row['order_id'],
LINE: 170

FILE: admin/view/template/sale/order_info.tpl
CODE: <td><?php echo $text_reward; ?></td>
LINE: 100
CODE: <?php echo $footer; ?>
LINE: 700

FILE: catalog/model/account/order.php
CODE: $order_query->row['order_id'],
LINE: 46

FILE: catalog/controller/account/order.php
CODE: if ($order_info['invoice_no']) {
LINE: 210

FILE: catalog/view/theme/default/template/account/order_info.tpl
CODE: <b><?php echo $text_shipping_method; ?></b> <?php echo $shipping_method; ?>
LINE: 49

FILE: catalog/view/theme/fastor/template/account/order_info.tpl
CODE: <b><?php echo $text_shipping_method; ?></b> <?php echo $shipping_method; ?>
LINE: 27
----------------------------------------------------------------
2017-05-19 11:03:40 - MOD: Modification Default

FILE: system/engine/action.php
REGEX: ~(require|include)(_once)?\(([^)]+)~
LINE: 41

FILE: system/engine/loader.php
REGEX: ~(require|include)(_once)?\(([^)]+)~
LINE: 49
LINE: 108
LINE: 120
LINE: 165

FILE: system/library/config.php
REGEX: ~(require|include)(_once)?\(([^)]+)~
LINE: 23

FILE: system/library/language.php
REGEX: ~(require|include)(_once)?\(([^)]+)~
LINE: 38
LINE: 40
LINE: 49
LINE: 51
LINE: 60
LINE: 62

FILE: system/library/template/php.php
REGEX: ~(require|include)(_once)?\(([^)]+)~
LINE: 18

FILE: system/library/template/tiwg.php
REGEX: ~(require|include)(_once)?\(([^)]+)~
LINE: 24
----------------------------------------------------------------
MOD: Export/Import Tool (V3.10) for Ocstore 2.x

FILE: admin/controller/common/column_left.php
CODE: if ($this->user->hasPermission('access', 'tool/log')) {
LINE: 636

FILE: admin/language/en-gb/common/column_left.php
CODE: $_['text_backup']
LINE: 9

FILE: admin/language/ru-ru/common/column_left.php
CODE: $_['text_backup']
LINE: 9
----------------------------------------------------------------
MOD: OcStore 2.3.x track number

FILE: admin/controller/sale/order.php
CODE: $data['shipping_method'] = $order_info['shipping_method'];
LINE: 567
LINE: 942
CODE: public function history() {
LINE: 1545

FILE: admin/model/sale/order.php
CODE: $order_query->row['order_id'],
LINE: 96

FILE: catalog/model/checkout/order.php
CODE: $order_query->row['order_id'],
LINE: 170

FILE: admin/view/template/sale/order_info.tpl
CODE: <td><?php echo $text_reward; ?></td>
LINE: 100
CODE: <?php echo $footer; ?>
LINE: 700

FILE: catalog/model/account/order.php
CODE: $order_query->row['order_id'],
LINE: 46

FILE: catalog/controller/account/order.php
CODE: if ($order_info['invoice_no']) {
LINE: 210

FILE: catalog/view/theme/default/template/account/order_info.tpl
CODE: <b><?php echo $text_shipping_method; ?></b> <?php echo $shipping_method; ?>
LINE: 49

FILE: catalog/view/theme/fastor/template/account/order_info.tpl
CODE: <b><?php echo $text_shipping_method; ?></b> <?php echo $shipping_method; ?>
LINE: 27
----------------------------------------------------------------
2017-05-19 11:03:48 - MOD: Modification Default

FILE: system/engine/action.php
REGEX: ~(require|include)(_once)?\(([^)]+)~
LINE: 41

FILE: system/engine/loader.php
REGEX: ~(require|include)(_once)?\(([^)]+)~
LINE: 49
LINE: 108
LINE: 120
LINE: 165

FILE: system/library/config.php
REGEX: ~(require|include)(_once)?\(([^)]+)~
LINE: 23

FILE: system/library/language.php
REGEX: ~(require|include)(_once)?\(([^)]+)~
LINE: 38
LINE: 40
LINE: 49
LINE: 51
LINE: 60
LINE: 62

FILE: system/library/template/php.php
REGEX: ~(require|include)(_once)?\(([^)]+)~
LINE: 18

FILE: system/library/template/tiwg.php
REGEX: ~(require|include)(_once)?\(([^)]+)~
LINE: 24
----------------------------------------------------------------
MOD: Export/Import Tool (V3.10) for Ocstore 2.x

FILE: admin/controller/common/column_left.php
CODE: if ($this->user->hasPermission('access', 'tool/log')) {
LINE: 636

FILE: admin/language/en-gb/common/column_left.php
CODE: $_['text_backup']
LINE: 9

FILE: admin/language/ru-ru/common/column_left.php
CODE: $_['text_backup']
LINE: 9
----------------------------------------------------------------
MOD: OcStore 2.3.x track number

FILE: admin/controller/sale/order.php
CODE: $data['shipping_method'] = $order_info['shipping_method'];
LINE: 567
LINE: 942
CODE: public function history() {
LINE: 1545

FILE: admin/model/sale/order.php
CODE: $order_query->row['order_id'],
LINE: 96

FILE: catalog/model/checkout/order.php
CODE: $order_query->row['order_id'],
LINE: 170

FILE: admin/view/template/sale/order_info.tpl
CODE: <td><?php echo $text_reward; ?></td>
LINE: 100
CODE: <?php echo $footer; ?>
LINE: 700

FILE: catalog/model/account/order.php
CODE: $order_query->row['order_id'],
LINE: 46

FILE: catalog/controller/account/order.php
CODE: if ($order_info['invoice_no']) {
LINE: 210

FILE: catalog/view/theme/default/template/account/order_info.tpl
CODE: <b><?php echo $text_shipping_method; ?></b> <?php echo $shipping_method; ?>
LINE: 49

FILE: catalog/view/theme/fastor/template/account/order_info.tpl
CODE: <b><?php echo $text_shipping_method; ?></b> <?php echo $shipping_method; ?>
LINE: 27
----------------------------------------------------------------
2017-05-19 11:04:00 - MOD: Modification Default

FILE: system/engine/action.php
REGEX: ~(require|include)(_once)?\(([^)]+)~
LINE: 41

FILE: system/engine/loader.php
REGEX: ~(require|include)(_once)?\(([^)]+)~
LINE: 49
LINE: 108
LINE: 120
LINE: 165

FILE: system/library/config.php
REGEX: ~(require|include)(_once)?\(([^)]+)~
LINE: 23

FILE: system/library/language.php
REGEX: ~(require|include)(_once)?\(([^)]+)~
LINE: 38
LINE: 40
LINE: 49
LINE: 51
LINE: 60
LINE: 62

FILE: system/library/template/php.php
REGEX: ~(require|include)(_once)?\(([^)]+)~
LINE: 18

FILE: system/library/template/tiwg.php
REGEX: ~(require|include)(_once)?\(([^)]+)~
LINE: 24
----------------------------------------------------------------
MOD: Export/Import Tool (V3.10) for Ocstore 2.x

FILE: admin/controller/common/column_left.php
CODE: if ($this->user->hasPermission('access', 'tool/log')) {
LINE: 636

FILE: admin/language/en-gb/common/column_left.php
CODE: $_['text_backup']
LINE: 9

FILE: admin/language/ru-ru/common/column_left.php
CODE: $_['text_backup']
LINE: 9
----------------------------------------------------------------
MOD: OcStore 2.3.x track number

FILE: admin/controller/sale/order.php
CODE: $data['shipping_method'] = $order_info['shipping_method'];
LINE: 567
LINE: 942
CODE: public function history() {
LINE: 1545

FILE: admin/model/sale/order.php
CODE: $order_query->row['order_id'],
LINE: 96

FILE: catalog/model/checkout/order.php
CODE: $order_query->row['order_id'],
LINE: 170

FILE: admin/view/template/sale/order_info.tpl
CODE: <td><?php echo $text_reward; ?></td>
LINE: 100
CODE: <?php echo $footer; ?>
LINE: 700

FILE: catalog/model/account/order.php
CODE: $order_query->row['order_id'],
LINE: 46

FILE: catalog/controller/account/order.php
CODE: if ($order_info['invoice_no']) {
LINE: 210

FILE: catalog/view/theme/default/template/account/order_info.tpl
CODE: <b><?php echo $text_shipping_method; ?></b> <?php echo $shipping_method; ?>
LINE: 49

FILE: catalog/view/theme/fastor/template/account/order_info.tpl
CODE: <b><?php echo $text_shipping_method; ?></b> <?php echo $shipping_method; ?>
LINE: 27
----------------------------------------------------------------
2017-05-19 11:16:50 - MOD: Modification Default

FILE: system/engine/action.php
REGEX: ~(require|include)(_once)?\(([^)]+)~
LINE: 41

FILE: system/engine/loader.php
REGEX: ~(require|include)(_once)?\(([^)]+)~
LINE: 49
LINE: 108
LINE: 120
LINE: 165

FILE: system/library/config.php
REGEX: ~(require|include)(_once)?\(([^)]+)~
LINE: 23

FILE: system/library/language.php
REGEX: ~(require|include)(_once)?\(([^)]+)~
LINE: 38
LINE: 40
LINE: 49
LINE: 51
LINE: 60
LINE: 62

FILE: system/library/template/php.php
REGEX: ~(require|include)(_once)?\(([^)]+)~
LINE: 18

FILE: system/library/template/tiwg.php
REGEX: ~(require|include)(_once)?\(([^)]+)~
LINE: 24
----------------------------------------------------------------
MOD: Export/Import Tool (V3.10) for Ocstore 2.x

FILE: admin/controller/common/column_left.php
CODE: if ($this->user->hasPermission('access', 'tool/log')) {
LINE: 636

FILE: admin/language/en-gb/common/column_left.php
CODE: $_['text_backup']
LINE: 9

FILE: admin/language/ru-ru/common/column_left.php
CODE: $_['text_backup']
LINE: 9
----------------------------------------------------------------
MOD: OcStore 2.3.x track number

FILE: admin/controller/sale/order.php
CODE: $data['shipping_method'] = $order_info['shipping_method'];
LINE: 567
LINE: 942
CODE: public function history() {
LINE: 1545

FILE: admin/model/sale/order.php
CODE: $order_query->row['order_id'],
LINE: 96

FILE: catalog/model/checkout/order.php
CODE: $order_query->row['order_id'],
LINE: 170

FILE: admin/view/template/sale/order_info.tpl
CODE: <td><?php echo $text_reward; ?></td>
LINE: 100
CODE: <?php echo $footer; ?>
LINE: 700

FILE: catalog/model/account/order.php
CODE: $order_query->row['order_id'],
LINE: 46

FILE: catalog/controller/account/order.php
CODE: if ($order_info['invoice_no']) {
LINE: 210

FILE: catalog/view/theme/default/template/account/order_info.tpl
CODE: <b><?php echo $text_shipping_method; ?></b> <?php echo $shipping_method; ?>
LINE: 49

FILE: catalog/view/theme/fastor/template/account/order_info.tpl
CODE: <b><?php echo $text_shipping_method; ?></b> <?php echo $shipping_method; ?>
LINE: 27
----------------------------------------------------------------
2017-05-19 11:23:56 - MOD: Modification Default

FILE: system/engine/action.php
REGEX: ~(require|include)(_once)?\(([^)]+)~
LINE: 41

FILE: system/engine/loader.php
REGEX: ~(require|include)(_once)?\(([^)]+)~
LINE: 49
LINE: 108
LINE: 120
LINE: 165

FILE: system/library/config.php
REGEX: ~(require|include)(_once)?\(([^)]+)~
LINE: 23

FILE: system/library/language.php
REGEX: ~(require|include)(_once)?\(([^)]+)~
LINE: 38
LINE: 40
LINE: 49
LINE: 51
LINE: 60
LINE: 62

FILE: system/library/template/php.php
REGEX: ~(require|include)(_once)?\(([^)]+)~
LINE: 18

FILE: system/library/template/tiwg.php
REGEX: ~(require|include)(_once)?\(([^)]+)~
LINE: 24
----------------------------------------------------------------
MOD: Export/Import Tool (V3.10) for Ocstore 2.x

FILE: admin/controller/common/column_left.php
CODE: if ($this->user->hasPermission('access', 'tool/log')) {
LINE: 636

FILE: admin/language/en-gb/common/column_left.php
CODE: $_['text_backup']
LINE: 9

FILE: admin/language/ru-ru/common/column_left.php
CODE: $_['text_backup']
LINE: 9
----------------------------------------------------------------
MOD: OcStore 2.3.x track number

FILE: admin/controller/sale/order.php
CODE: $data['shipping_method'] = $order_info['shipping_method'];
LINE: 567
LINE: 942
CODE: public function history() {
LINE: 1545

FILE: admin/model/sale/order.php
CODE: $order_query->row['order_id'],
LINE: 96

FILE: catalog/model/checkout/order.php
CODE: $order_query->row['order_id'],
LINE: 170

FILE: admin/view/template/sale/order_info.tpl
CODE: <td><?php echo $text_reward; ?></td>
LINE: 100
CODE: <?php echo $footer; ?>
LINE: 700

FILE: catalog/model/account/order.php
CODE: $order_query->row['order_id'],
LINE: 46

FILE: catalog/controller/account/order.php
CODE: if ($order_info['invoice_no']) {
LINE: 210

FILE: catalog/view/theme/default/template/account/order_info.tpl
CODE: <b><?php echo $text_shipping_method; ?></b> <?php echo $shipping_method; ?>
LINE: 49

FILE: catalog/view/theme/fastor/template/account/order_info.tpl
CODE: <b><?php echo $text_shipping_method; ?></b> <?php echo $shipping_method; ?>
LINE: 27
----------------------------------------------------------------
2017-05-19 11:33:15 - MOD: Modification Default

FILE: system/engine/action.php
REGEX: ~(require|include)(_once)?\(([^)]+)~
LINE: 41

FILE: system/engine/loader.php
REGEX: ~(require|include)(_once)?\(([^)]+)~
LINE: 49
LINE: 108
LINE: 120
LINE: 165

FILE: system/library/config.php
REGEX: ~(require|include)(_once)?\(([^)]+)~
LINE: 23

FILE: system/library/language.php
REGEX: ~(require|include)(_once)?\(([^)]+)~
LINE: 38
LINE: 40
LINE: 49
LINE: 51
LINE: 60
LINE: 62

FILE: system/library/template/php.php
REGEX: ~(require|include)(_once)?\(([^)]+)~
LINE: 18

FILE: system/library/template/tiwg.php
REGEX: ~(require|include)(_once)?\(([^)]+)~
LINE: 24
----------------------------------------------------------------
MOD: Export/Import Tool (V3.10) for Ocstore 2.x

FILE: admin/controller/common/column_left.php
CODE: if ($this->user->hasPermission('access', 'tool/log')) {
LINE: 636

FILE: admin/language/en-gb/common/column_left.php
CODE: $_['text_backup']
LINE: 9

FILE: admin/language/ru-ru/common/column_left.php
CODE: $_['text_backup']
LINE: 9
----------------------------------------------------------------
MOD: OcStore 2.3.x track number

FILE: admin/controller/sale/order.php
CODE: $data['shipping_method'] = $order_info['shipping_method'];
LINE: 567
LINE: 942
CODE: public function history() {
LINE: 1545

FILE: admin/model/sale/order.php
CODE: $order_query->row['order_id'],
LINE: 96

FILE: catalog/model/checkout/order.php
CODE: $order_query->row['order_id'],
LINE: 170

FILE: admin/view/template/sale/order_info.tpl
CODE: <td><?php echo $text_reward; ?></td>
LINE: 100
CODE: <?php echo $footer; ?>
LINE: 700

FILE: catalog/model/account/order.php
CODE: $order_query->row['order_id'],
LINE: 46

FILE: catalog/controller/account/order.php
CODE: if ($order_info['invoice_no']) {
LINE: 210

FILE: catalog/view/theme/default/template/account/order_info.tpl
CODE: <b><?php echo $text_shipping_method; ?></b> <?php echo $shipping_method; ?>
LINE: 49

FILE: catalog/view/theme/fastor/template/account/order_info.tpl
CODE: <b><?php echo $text_shipping_method; ?></b> <?php echo $shipping_method; ?>
LINE: 27
----------------------------------------------------------------
2017-05-19 11:33:18 - MOD: Modification Default

FILE: system/engine/action.php
REGEX: ~(require|include)(_once)?\(([^)]+)~
LINE: 41

FILE: system/engine/loader.php
REGEX: ~(require|include)(_once)?\(([^)]+)~
LINE: 49
LINE: 108
LINE: 120
LINE: 165

FILE: system/library/config.php
REGEX: ~(require|include)(_once)?\(([^)]+)~
LINE: 23

FILE: system/library/language.php
REGEX: ~(require|include)(_once)?\(([^)]+)~
LINE: 38
LINE: 40
LINE: 49
LINE: 51
LINE: 60
LINE: 62

FILE: system/library/template/php.php
REGEX: ~(require|include)(_once)?\(([^)]+)~
LINE: 18

FILE: system/library/template/tiwg.php
REGEX: ~(require|include)(_once)?\(([^)]+)~
LINE: 24
----------------------------------------------------------------
MOD: Export/Import Tool (V3.10) for Ocstore 2.x

FILE: admin/controller/common/column_left.php
CODE: if ($this->user->hasPermission('access', 'tool/log')) {
LINE: 636

FILE: admin/language/en-gb/common/column_left.php
CODE: $_['text_backup']
LINE: 9

FILE: admin/language/ru-ru/common/column_left.php
CODE: $_['text_backup']
LINE: 9
----------------------------------------------------------------
MOD: OcStore 2.3.x track number

FILE: admin/controller/sale/order.php
CODE: $data['shipping_method'] = $order_info['shipping_method'];
LINE: 567
LINE: 942
CODE: public function history() {
LINE: 1545

FILE: admin/model/sale/order.php
CODE: $order_query->row['order_id'],
LINE: 96

FILE: catalog/model/checkout/order.php
CODE: $order_query->row['order_id'],
LINE: 170

FILE: admin/view/template/sale/order_info.tpl
CODE: <td><?php echo $text_reward; ?></td>
LINE: 100
CODE: <?php echo $footer; ?>
LINE: 700

FILE: catalog/model/account/order.php
CODE: $order_query->row['order_id'],
LINE: 46

FILE: catalog/controller/account/order.php
CODE: if ($order_info['invoice_no']) {
LINE: 210

FILE: catalog/view/theme/default/template/account/order_info.tpl
CODE: <b><?php echo $text_shipping_method; ?></b> <?php echo $shipping_method; ?>
LINE: 49

FILE: catalog/view/theme/fastor/template/account/order_info.tpl
CODE: <b><?php echo $text_shipping_method; ?></b> <?php echo $shipping_method; ?>
LINE: 27
----------------------------------------------------------------
2017-05-20 8:48:43 - MOD: Modification Default

FILE: system/engine/action.php
REGEX: ~(require|include)(_once)?\(([^)]+)~
LINE: 41

FILE: system/engine/loader.php
REGEX: ~(require|include)(_once)?\(([^)]+)~
LINE: 49
LINE: 108
LINE: 120
LINE: 165

FILE: system/library/config.php
REGEX: ~(require|include)(_once)?\(([^)]+)~
LINE: 23

FILE: system/library/language.php
REGEX: ~(require|include)(_once)?\(([^)]+)~
LINE: 38
LINE: 40
LINE: 49
LINE: 51
LINE: 60
LINE: 62

FILE: system/library/template/php.php
REGEX: ~(require|include)(_once)?\(([^)]+)~
LINE: 18

FILE: system/library/template/tiwg.php
REGEX: ~(require|include)(_once)?\(([^)]+)~
LINE: 24
----------------------------------------------------------------
MOD: Export/Import Tool (V3.10) for Ocstore 2.x

FILE: admin/controller/common/column_left.php
CODE: if ($this->user->hasPermission('access', 'tool/log')) {
LINE: 636

FILE: admin/language/en-gb/common/column_left.php
CODE: $_['text_backup']
LINE: 9

FILE: admin/language/ru-ru/common/column_left.php
CODE: $_['text_backup']
LINE: 9
----------------------------------------------------------------
MOD: OcStore 2.3.x track number

FILE: admin/controller/sale/order.php
CODE: $data['shipping_method'] = $order_info['shipping_method'];
LINE: 567
LINE: 942
CODE: public function history() {
LINE: 1545

FILE: admin/model/sale/order.php
CODE: $order_query->row['order_id'],
LINE: 96

FILE: catalog/model/checkout/order.php
CODE: $order_query->row['order_id'],
LINE: 170

FILE: admin/view/template/sale/order_info.tpl
CODE: <td><?php echo $text_reward; ?></td>
LINE: 100
CODE: <?php echo $footer; ?>
LINE: 700

FILE: catalog/model/account/order.php
CODE: $order_query->row['order_id'],
LINE: 46

FILE: catalog/controller/account/order.php
CODE: if ($order_info['invoice_no']) {
LINE: 210

FILE: catalog/view/theme/default/template/account/order_info.tpl
CODE: <b><?php echo $text_shipping_method; ?></b> <?php echo $shipping_method; ?>
LINE: 49

FILE: catalog/view/theme/fastor/template/account/order_info.tpl
CODE: <b><?php echo $text_shipping_method; ?></b> <?php echo $shipping_method; ?>
LINE: 27
----------------------------------------------------------------
2017-05-20 9:45:15 - MOD: Modification Default

FILE: system/engine/action.php
REGEX: ~(require|include)(_once)?\(([^)]+)~
LINE: 41

FILE: system/engine/loader.php
REGEX: ~(require|include)(_once)?\(([^)]+)~
LINE: 49
LINE: 108
LINE: 120
LINE: 165

FILE: system/library/config.php
REGEX: ~(require|include)(_once)?\(([^)]+)~
LINE: 23

FILE: system/library/language.php
REGEX: ~(require|include)(_once)?\(([^)]+)~
LINE: 38
LINE: 40
LINE: 49
LINE: 51
LINE: 60
LINE: 62

FILE: system/library/template/php.php
REGEX: ~(require|include)(_once)?\(([^)]+)~
LINE: 18

FILE: system/library/template/tiwg.php
REGEX: ~(require|include)(_once)?\(([^)]+)~
LINE: 24
----------------------------------------------------------------
MOD: Export/Import Tool (V3.10) for Ocstore 2.x

FILE: admin/controller/common/column_left.php
CODE: if ($this->user->hasPermission('access', 'tool/log')) {
LINE: 636

FILE: admin/language/en-gb/common/column_left.php
CODE: $_['text_backup']
LINE: 9

FILE: admin/language/ru-ru/common/column_left.php
CODE: $_['text_backup']
LINE: 9
----------------------------------------------------------------
MOD: OcStore 2.3.x track number

FILE: admin/controller/sale/order.php
CODE: $data['shipping_method'] = $order_info['shipping_method'];
LINE: 567
LINE: 942
CODE: public function history() {
LINE: 1545

FILE: admin/model/sale/order.php
CODE: $order_query->row['order_id'],
LINE: 96

FILE: catalog/model/checkout/order.php
CODE: $order_query->row['order_id'],
LINE: 170

FILE: admin/view/template/sale/order_info.tpl
CODE: <td><?php echo $text_reward; ?></td>
LINE: 100
CODE: <?php echo $footer; ?>
LINE: 700

FILE: catalog/model/account/order.php
CODE: $order_query->row['order_id'],
LINE: 46

FILE: catalog/controller/account/order.php
CODE: if ($order_info['invoice_no']) {
LINE: 210

FILE: catalog/view/theme/default/template/account/order_info.tpl
CODE: <b><?php echo $text_shipping_method; ?></b> <?php echo $shipping_method; ?>
LINE: 49

FILE: catalog/view/theme/fastor/template/account/order_info.tpl
CODE: <b><?php echo $text_shipping_method; ?></b> <?php echo $shipping_method; ?>
LINE: 27
----------------------------------------------------------------
2017-05-20 9:48:23 - MOD: Modification Default

FILE: system/engine/action.php
REGEX: ~(require|include)(_once)?\(([^)]+)~
LINE: 41

FILE: system/engine/loader.php
REGEX: ~(require|include)(_once)?\(([^)]+)~
LINE: 49
LINE: 108
LINE: 120
LINE: 165

FILE: system/library/config.php
REGEX: ~(require|include)(_once)?\(([^)]+)~
LINE: 23

FILE: system/library/language.php
REGEX: ~(require|include)(_once)?\(([^)]+)~
LINE: 38
LINE: 40
LINE: 49
LINE: 51
LINE: 60
LINE: 62

FILE: system/library/template/php.php
REGEX: ~(require|include)(_once)?\(([^)]+)~
LINE: 18

FILE: system/library/template/tiwg.php
REGEX: ~(require|include)(_once)?\(([^)]+)~
LINE: 24
----------------------------------------------------------------
MOD: Export/Import Tool (V3.10) for Ocstore 2.x

FILE: admin/controller/common/column_left.php
CODE: if ($this->user->hasPermission('access', 'tool/log')) {
LINE: 636

FILE: admin/language/en-gb/common/column_left.php
CODE: $_['text_backup']
LINE: 9

FILE: admin/language/ru-ru/common/column_left.php
CODE: $_['text_backup']
LINE: 9
----------------------------------------------------------------
MOD: OcStore 2.3.x track number

FILE: admin/controller/sale/order.php
CODE: $data['shipping_method'] = $order_info['shipping_method'];
LINE: 567
LINE: 942
CODE: public function history() {
LINE: 1545

FILE: admin/model/sale/order.php
CODE: $order_query->row['order_id'],
LINE: 96

FILE: catalog/model/checkout/order.php
CODE: $order_query->row['order_id'],
LINE: 170

FILE: admin/view/template/sale/order_info.tpl
CODE: <td><?php echo $text_reward; ?></td>
LINE: 100
CODE: <?php echo $footer; ?>
LINE: 700

FILE: catalog/model/account/order.php
CODE: $order_query->row['order_id'],
LINE: 46

FILE: catalog/controller/account/order.php
CODE: if ($order_info['invoice_no']) {
LINE: 210

FILE: catalog/view/theme/default/template/account/order_info.tpl
CODE: <b><?php echo $text_shipping_method; ?></b> <?php echo $shipping_method; ?>
LINE: 49

FILE: catalog/view/theme/fastor/template/account/order_info.tpl
CODE: <b><?php echo $text_shipping_method; ?></b> <?php echo $shipping_method; ?>
LINE: 27
----------------------------------------------------------------
2017-05-20 9:48:26 - MOD: Modification Default

FILE: system/engine/action.php
REGEX: ~(require|include)(_once)?\(([^)]+)~
LINE: 41

FILE: system/engine/loader.php
REGEX: ~(require|include)(_once)?\(([^)]+)~
LINE: 49
LINE: 108
LINE: 120
LINE: 165

FILE: system/library/config.php
REGEX: ~(require|include)(_once)?\(([^)]+)~
LINE: 23

FILE: system/library/language.php
REGEX: ~(require|include)(_once)?\(([^)]+)~
LINE: 38
LINE: 40
LINE: 49
LINE: 51
LINE: 60
LINE: 62

FILE: system/library/template/php.php
REGEX: ~(require|include)(_once)?\(([^)]+)~
LINE: 18

FILE: system/library/template/tiwg.php
REGEX: ~(require|include)(_once)?\(([^)]+)~
LINE: 24
----------------------------------------------------------------
MOD: Export/Import Tool (V3.10) for Ocstore 2.x

FILE: admin/controller/common/column_left.php
CODE: if ($this->user->hasPermission('access', 'tool/log')) {
LINE: 636

FILE: admin/language/en-gb/common/column_left.php
CODE: $_['text_backup']
LINE: 9

FILE: admin/language/ru-ru/common/column_left.php
CODE: $_['text_backup']
LINE: 9
----------------------------------------------------------------
MOD: OcStore 2.3.x track number

FILE: admin/controller/sale/order.php
CODE: $data['shipping_method'] = $order_info['shipping_method'];
LINE: 567
LINE: 942
CODE: public function history() {
LINE: 1545

FILE: admin/model/sale/order.php
CODE: $order_query->row['order_id'],
LINE: 96

FILE: catalog/model/checkout/order.php
CODE: $order_query->row['order_id'],
LINE: 170

FILE: admin/view/template/sale/order_info.tpl
CODE: <td><?php echo $text_reward; ?></td>
LINE: 100
CODE: <?php echo $footer; ?>
LINE: 700

FILE: catalog/model/account/order.php
CODE: $order_query->row['order_id'],
LINE: 46

FILE: catalog/controller/account/order.php
CODE: if ($order_info['invoice_no']) {
LINE: 210

FILE: catalog/view/theme/default/template/account/order_info.tpl
CODE: <b><?php echo $text_shipping_method; ?></b> <?php echo $shipping_method; ?>
LINE: 49

FILE: catalog/view/theme/fastor/template/account/order_info.tpl
CODE: <b><?php echo $text_shipping_method; ?></b> <?php echo $shipping_method; ?>
LINE: 27
----------------------------------------------------------------
2017-05-22 7:33:13 - MOD: Modification Default

FILE: system/engine/action.php
REGEX: ~(require|include)(_once)?\(([^)]+)~
LINE: 41

FILE: system/engine/loader.php
REGEX: ~(require|include)(_once)?\(([^)]+)~
LINE: 49
LINE: 108
LINE: 120
LINE: 165

FILE: system/library/config.php
REGEX: ~(require|include)(_once)?\(([^)]+)~
LINE: 23

FILE: system/library/language.php
REGEX: ~(require|include)(_once)?\(([^)]+)~
LINE: 38
LINE: 40
LINE: 49
LINE: 51
LINE: 60
LINE: 62

FILE: system/library/template/php.php
REGEX: ~(require|include)(_once)?\(([^)]+)~
LINE: 18

FILE: system/library/template/tiwg.php
REGEX: ~(require|include)(_once)?\(([^)]+)~
LINE: 24
----------------------------------------------------------------
MOD: Export/Import Tool (V3.10) for Ocstore 2.x

FILE: admin/controller/common/column_left.php
CODE: if ($this->user->hasPermission('access', 'tool/log')) {
LINE: 636

FILE: admin/language/en-gb/common/column_left.php
CODE: $_['text_backup']
LINE: 9

FILE: admin/language/ru-ru/common/column_left.php
CODE: $_['text_backup']
LINE: 9
----------------------------------------------------------------
MOD: OcStore 2.3.x track number

FILE: admin/controller/sale/order.php
CODE: $data['shipping_method'] = $order_info['shipping_method'];
LINE: 567
LINE: 942
CODE: public function history() {
LINE: 1545

FILE: admin/model/sale/order.php
CODE: $order_query->row['order_id'],
LINE: 96

FILE: catalog/model/checkout/order.php
CODE: $order_query->row['order_id'],
LINE: 170

FILE: admin/view/template/sale/order_info.tpl
CODE: <td><?php echo $text_reward; ?></td>
LINE: 100
CODE: <?php echo $footer; ?>
LINE: 700

FILE: catalog/model/account/order.php
CODE: $order_query->row['order_id'],
LINE: 46

FILE: catalog/controller/account/order.php
CODE: if ($order_info['invoice_no']) {
LINE: 210

FILE: catalog/view/theme/default/template/account/order_info.tpl
CODE: <b><?php echo $text_shipping_method; ?></b> <?php echo $shipping_method; ?>
LINE: 49

FILE: catalog/view/theme/fastor/template/account/order_info.tpl
CODE: <b><?php echo $text_shipping_method; ?></b> <?php echo $shipping_method; ?>
LINE: 27
----------------------------------------------------------------
2017-05-25 7:59:10 - MOD: Modification Default

FILE: system/engine/action.php
REGEX: ~(require|include)(_once)?\(([^)]+)~
LINE: 41

FILE: system/engine/loader.php
REGEX: ~(require|include)(_once)?\(([^)]+)~
LINE: 49
LINE: 108
LINE: 120
LINE: 165

FILE: system/library/config.php
REGEX: ~(require|include)(_once)?\(([^)]+)~
LINE: 23

FILE: system/library/language.php
REGEX: ~(require|include)(_once)?\(([^)]+)~
LINE: 38
LINE: 40
LINE: 49
LINE: 51
LINE: 60
LINE: 62

FILE: system/library/template/php.php
REGEX: ~(require|include)(_once)?\(([^)]+)~
LINE: 18

FILE: system/library/template/tiwg.php
REGEX: ~(require|include)(_once)?\(([^)]+)~
LINE: 24
----------------------------------------------------------------
MOD: Export/Import Tool (V3.10) for Ocstore 2.x

FILE: admin/controller/common/column_left.php
CODE: if ($this->user->hasPermission('access', 'tool/log')) {
LINE: 636

FILE: admin/language/en-gb/common/column_left.php
CODE: $_['text_backup']
LINE: 9

FILE: admin/language/ru-ru/common/column_left.php
CODE: $_['text_backup']
LINE: 9
----------------------------------------------------------------
MOD: OcStore 2.3.x track number

FILE: admin/controller/sale/order.php
CODE: $data['shipping_method'] = $order_info['shipping_method'];
LINE: 567
LINE: 942
CODE: public function history() {
LINE: 1545

FILE: admin/model/sale/order.php
CODE: $order_query->row['order_id'],
LINE: 96

FILE: catalog/model/checkout/order.php
CODE: $order_query->row['order_id'],
LINE: 170

FILE: admin/view/template/sale/order_info.tpl
CODE: <td><?php echo $text_reward; ?></td>
LINE: 100
CODE: <?php echo $footer; ?>
LINE: 700

FILE: catalog/model/account/order.php
CODE: $order_query->row['order_id'],
LINE: 46

FILE: catalog/controller/account/order.php
CODE: if ($order_info['invoice_no']) {
LINE: 210

FILE: catalog/view/theme/default/template/account/order_info.tpl
CODE: <b><?php echo $text_shipping_method; ?></b> <?php echo $shipping_method; ?>
LINE: 49

FILE: catalog/view/theme/fastor/template/account/order_info.tpl
CODE: <b><?php echo $text_shipping_method; ?></b> <?php echo $shipping_method; ?>
LINE: 27
----------------------------------------------------------------
2017-05-25 7:59:10 - MOD: Modification Default

FILE: system/engine/action.php
REGEX: ~(require|include)(_once)?\(([^)]+)~
LINE: 41

FILE: system/engine/loader.php
REGEX: ~(require|include)(_once)?\(([^)]+)~
LINE: 49
LINE: 108
LINE: 120
LINE: 165

FILE: system/library/config.php
REGEX: ~(require|include)(_once)?\(([^)]+)~
LINE: 23

FILE: system/library/language.php
REGEX: ~(require|include)(_once)?\(([^)]+)~
LINE: 38
LINE: 40
LINE: 49
LINE: 51
LINE: 60
LINE: 62

FILE: system/library/template/php.php
REGEX: ~(require|include)(_once)?\(([^)]+)~
LINE: 18

FILE: system/library/template/tiwg.php
REGEX: ~(require|include)(_once)?\(([^)]+)~
LINE: 24
----------------------------------------------------------------
MOD: Export/Import Tool (V3.10) for Ocstore 2.x

FILE: admin/controller/common/column_left.php
CODE: if ($this->user->hasPermission('access', 'tool/log')) {
LINE: 636

FILE: admin/language/en-gb/common/column_left.php
CODE: $_['text_backup']
LINE: 9

FILE: admin/language/ru-ru/common/column_left.php
CODE: $_['text_backup']
LINE: 9
----------------------------------------------------------------
MOD: OcStore 2.3.x track number

FILE: admin/controller/sale/order.php
CODE: $data['shipping_method'] = $order_info['shipping_method'];
LINE: 567
LINE: 942
CODE: public function history() {
LINE: 1545

FILE: admin/model/sale/order.php
CODE: $order_query->row['order_id'],
LINE: 96

FILE: catalog/model/checkout/order.php
CODE: $order_query->row['order_id'],
LINE: 170

FILE: admin/view/template/sale/order_info.tpl
CODE: <td><?php echo $text_reward; ?></td>
LINE: 100
CODE: <?php echo $footer; ?>
LINE: 700

FILE: catalog/model/account/order.php
CODE: $order_query->row['order_id'],
LINE: 46

FILE: catalog/controller/account/order.php
CODE: if ($order_info['invoice_no']) {
LINE: 210

FILE: catalog/view/theme/default/template/account/order_info.tpl
CODE: <b><?php echo $text_shipping_method; ?></b> <?php echo $shipping_method; ?>
LINE: 49

FILE: catalog/view/theme/fastor/template/account/order_info.tpl
CODE: <b><?php echo $text_shipping_method; ?></b> <?php echo $shipping_method; ?>
LINE: 27
----------------------------------------------------------------
2017-05-25 13:52:50 - MOD: Modification Default

FILE: system/engine/action.php
REGEX: ~(require|include)(_once)?\(([^)]+)~
LINE: 41

FILE: system/engine/loader.php
REGEX: ~(require|include)(_once)?\(([^)]+)~
LINE: 49
LINE: 108
LINE: 120
LINE: 165

FILE: system/library/config.php
REGEX: ~(require|include)(_once)?\(([^)]+)~
LINE: 23

FILE: system/library/language.php
REGEX: ~(require|include)(_once)?\(([^)]+)~
LINE: 38
LINE: 40
LINE: 49
LINE: 51
LINE: 60
LINE: 62

FILE: system/library/template/php.php
REGEX: ~(require|include)(_once)?\(([^)]+)~
LINE: 18

FILE: system/library/template/tiwg.php
REGEX: ~(require|include)(_once)?\(([^)]+)~
LINE: 24
----------------------------------------------------------------
MOD: Export/Import Tool (V3.10) for Ocstore 2.x

FILE: admin/controller/common/column_left.php
CODE: if ($this->user->hasPermission('access', 'tool/log')) {
LINE: 636

FILE: admin/language/en-gb/common/column_left.php
CODE: $_['text_backup']
LINE: 9

FILE: admin/language/ru-ru/common/column_left.php
CODE: $_['text_backup']
LINE: 9
----------------------------------------------------------------
MOD: OcStore 2.3.x track number

FILE: admin/controller/sale/order.php
CODE: $data['shipping_method'] = $order_info['shipping_method'];
LINE: 567
LINE: 942
CODE: public function history() {
LINE: 1545

FILE: admin/model/sale/order.php
CODE: $order_query->row['order_id'],
LINE: 96

FILE: catalog/model/checkout/order.php
CODE: $order_query->row['order_id'],
LINE: 170

FILE: admin/view/template/sale/order_info.tpl
CODE: <td><?php echo $text_reward; ?></td>
LINE: 100
CODE: <?php echo $footer; ?>
LINE: 700

FILE: catalog/model/account/order.php
CODE: $order_query->row['order_id'],
LINE: 46

FILE: catalog/controller/account/order.php
CODE: if ($order_info['invoice_no']) {
LINE: 210

FILE: catalog/view/theme/default/template/account/order_info.tpl
CODE: <b><?php echo $text_shipping_method; ?></b> <?php echo $shipping_method; ?>
LINE: 49

FILE: catalog/view/theme/fastor/template/account/order_info.tpl
CODE: <b><?php echo $text_shipping_method; ?></b> <?php echo $shipping_method; ?>
LINE: 27
----------------------------------------------------------------
2017-05-28 17:55:02 - MOD: Modification Default

FILE: system/engine/action.php
REGEX: ~(require|include)(_once)?\(([^)]+)~
LINE: 41

FILE: system/engine/loader.php
REGEX: ~(require|include)(_once)?\(([^)]+)~
LINE: 49
LINE: 108
LINE: 120
LINE: 165

FILE: system/library/config.php
REGEX: ~(require|include)(_once)?\(([^)]+)~
LINE: 23

FILE: system/library/language.php
REGEX: ~(require|include)(_once)?\(([^)]+)~
LINE: 38
LINE: 40
LINE: 49
LINE: 51
LINE: 60
LINE: 62

FILE: system/library/template/php.php
REGEX: ~(require|include)(_once)?\(([^)]+)~
LINE: 18

FILE: system/library/template/tiwg.php
REGEX: ~(require|include)(_once)?\(([^)]+)~
LINE: 24
----------------------------------------------------------------
MOD: Export/Import Tool (V3.10) for Ocstore 2.x

FILE: admin/controller/common/column_left.php
CODE: if ($this->user->hasPermission('access', 'tool/log')) {
LINE: 636

FILE: admin/language/en-gb/common/column_left.php
CODE: $_['text_backup']
LINE: 9

FILE: admin/language/ru-ru/common/column_left.php
CODE: $_['text_backup']
LINE: 9
----------------------------------------------------------------
MOD: OcStore 2.3.x track number

FILE: admin/controller/sale/order.php
CODE: $data['shipping_method'] = $order_info['shipping_method'];
LINE: 567
LINE: 942
CODE: public function history() {
LINE: 1545

FILE: admin/model/sale/order.php
CODE: $order_query->row['order_id'],
LINE: 96

FILE: catalog/model/checkout/order.php
CODE: $order_query->row['order_id'],
LINE: 170

FILE: admin/view/template/sale/order_info.tpl
CODE: <td><?php echo $text_reward; ?></td>
LINE: 100
CODE: <?php echo $footer; ?>
LINE: 700

FILE: catalog/model/account/order.php
CODE: $order_query->row['order_id'],
LINE: 46

FILE: catalog/controller/account/order.php
CODE: if ($order_info['invoice_no']) {
LINE: 210

FILE: catalog/view/theme/default/template/account/order_info.tpl
CODE: <b><?php echo $text_shipping_method; ?></b> <?php echo $shipping_method; ?>
LINE: 49

FILE: catalog/view/theme/fastor/template/account/order_info.tpl
CODE: <b><?php echo $text_shipping_method; ?></b> <?php echo $shipping_method; ?>
LINE: 27
----------------------------------------------------------------
2017-05-28 17:55:04 - MOD: Modification Default

FILE: system/engine/action.php
REGEX: ~(require|include)(_once)?\(([^)]+)~
LINE: 41

FILE: system/engine/loader.php
REGEX: ~(require|include)(_once)?\(([^)]+)~
LINE: 49
LINE: 108
LINE: 120
LINE: 165

FILE: system/library/config.php
REGEX: ~(require|include)(_once)?\(([^)]+)~
LINE: 23

FILE: system/library/language.php
REGEX: ~(require|include)(_once)?\(([^)]+)~
LINE: 38
LINE: 40
LINE: 49
LINE: 51
LINE: 60
LINE: 62

FILE: system/library/template/php.php
REGEX: ~(require|include)(_once)?\(([^)]+)~
LINE: 18

FILE: system/library/template/tiwg.php
REGEX: ~(require|include)(_once)?\(([^)]+)~
LINE: 24
----------------------------------------------------------------
MOD: Export/Import Tool (V3.10) for Ocstore 2.x

FILE: admin/controller/common/column_left.php
CODE: if ($this->user->hasPermission('access', 'tool/log')) {
LINE: 636

FILE: admin/language/en-gb/common/column_left.php
CODE: $_['text_backup']
LINE: 9

FILE: admin/language/ru-ru/common/column_left.php
CODE: $_['text_backup']
LINE: 9
----------------------------------------------------------------
MOD: OcStore 2.3.x track number

FILE: admin/controller/sale/order.php
CODE: $data['shipping_method'] = $order_info['shipping_method'];
LINE: 567
LINE: 942
CODE: public function history() {
LINE: 1545

FILE: admin/model/sale/order.php
CODE: $order_query->row['order_id'],
LINE: 96

FILE: catalog/model/checkout/order.php
CODE: $order_query->row['order_id'],
LINE: 170

FILE: admin/view/template/sale/order_info.tpl
CODE: <td><?php echo $text_reward; ?></td>
LINE: 100
CODE: <?php echo $footer; ?>
LINE: 700

FILE: catalog/model/account/order.php
CODE: $order_query->row['order_id'],
LINE: 46

FILE: catalog/controller/account/order.php
CODE: if ($order_info['invoice_no']) {
LINE: 210

FILE: catalog/view/theme/default/template/account/order_info.tpl
CODE: <b><?php echo $text_shipping_method; ?></b> <?php echo $shipping_method; ?>
LINE: 49

FILE: catalog/view/theme/fastor/template/account/order_info.tpl
CODE: <b><?php echo $text_shipping_method; ?></b> <?php echo $shipping_method; ?>
LINE: 27
----------------------------------------------------------------
